<?xml version="1.0" encoding="UTF-8"?>
<beans xmlns:xsi="http://www.w3.org/2001/XMLSchema-instance"
       xmlns:context="http://www.springframework.org/schema/context"
       xmlns:jdbc="http://www.springframework.org/schema/jdbc"
       xmlns="http://www.springframework.org/schema/beans"
       xsi:schemaLocation="http://www.springframework.org/schema/beans http://www.springframework.org/schema/beans/spring-beans.xsd
                           http://www.springframework.org/schema/context http://www.springframework.org/schema/context/spring-context.xsd
                           http://www.springframework.org/schema/jdbc http://www.springframework.org/schema/jdbc/spring-jdbc.xsd">

    <context:property-placeholder location="/conf/test-application.properties"/>
    <import resource="applicationContext-core.xml"/>

    <context:component-scan base-package="com.es.core"/>

    <jdbc:initialize-database>
        <jdbc:script location="classpath:db/test-demodata-phones.sql"/>
    </jdbc:initialize-database>
</beans>